<?xml version="1.0" encoding="UTF-8"?>
<testng-results total="1" passed="1" failed="0" skipped="0">
  <reporter-output>
  </reporter-output>
  <suite started-at="2023-08-13T18:01:11Z" name="SuiteName" finished-at="2023-08-13T18:01:13Z" duration-ms="2356">
    <groups>
    </groups>
    <test started-at="2023-08-13T18:01:11Z" name="TestName" finished-at="2023-08-13T18:01:13Z" duration-ms="2356">
      <class name="jenkinsAutomation.getComments">
        <test-method signature="getAllComments()[pri:0, instance:jenkinsAutomation.getComments@29f69090]" started-at="2023-08-13T23:31:11Z" name="getAllComments" finished-at="2023-08-13T23:31:13Z" duration-ms="2336" status="PASS">
          <reporter-output>
          </reporter-output>
        </test-method> <!-- getAllComments -->
      </class> <!-- jenkinsAutomation.getComments -->
    </test> <!-- TestName -->
  </suite> <!-- SuiteName -->
</testng-results>
