<?xml version="1.0" encoding="UTF-8"?>
<testng-results ignored="0" total="1" passed="1" failed="0" skipped="0">
  <reporter-output>
  </reporter-output>
  <suite started-at="2023-08-13T23:12:26 IST" name="SuiteName" finished-at="2023-08-13T23:12:29 IST" duration-ms="2387">
    <groups>
    </groups>
    <test started-at="2023-08-13T23:12:26 IST" name="TestName" finished-at="2023-08-13T23:12:29 IST" duration-ms="2387">
      <class name="jenkinsAutomation.getComments">
        <test-method signature="getAllComments()[pri:0, instance:jenkinsAutomation.getComments@1bd4fdd]" started-at="2023-08-13T23:12:26 IST" name="getAllComments" finished-at="2023-08-13T23:12:29 IST" duration-ms="2306" status="PASS">
          <reporter-output>
          </reporter-output>
        </test-method> <!-- getAllComments -->
      </class> <!-- jenkinsAutomation.getComments -->
    </test> <!-- TestName -->
  </suite> <!-- SuiteName -->
</testng-results>
